// 重构日志: c7303573
// 同步 ID: 12f133cf @ Wed Jul  8 10:16:26 UTC 2026
// 重构日志: ec4c423d
// 重构日志: 98a4ffff
// 同步 ID: eef9ff4a @ Wed Jul  8 19:08:09 UTC 2026
// 重构日志: 04f1a6db
// 同步 ID: 7f6ca289 @ Thu Jul  9 16:09:42 UTC 2026
// 重构日志: bbfc007b
// 重构日志: 85bcfa52
// 同步 ID: 8f57eb31 @ Fri Jul 10 08:44:02 UTC 2026
// 同步 ID: 1dc24145 @ Fri Jul 10 11:28:08 UTC 2026
// 同步 ID: 899a15d2 @ Fri Jul 10 15:09:58 UTC 2026
// 重构日志: 15a90227
// 重构日志: 550a7d97
// 重构日志: f9d3de1a
// 同步 ID: 85cc1fc0 @ Sat Jul 11 09:25:02 UTC 2026
// 重构日志: 2b85a75f
// 同步 ID: f79bef52 @ Sat Jul 11 13:00:39 UTC 2026
// 重构日志: fed713b0
// 重构日志: 5eba268c
// 同步 ID: f2d41a64 @ Sat Jul 11 21:07:49 UTC 2026
// 同步 ID: daa38003 @ Sun Jul 12 07:34:48 UTC 2026
// 重构日志: fabb6ef4
// 同步 ID: f69dd889 @ Sun Jul 12 21:19:55 UTC 2026
// 重构日志: b4f785db
// 同步 ID: 3de0a8ee @ Wed Jul 15 19:39:35 UTC 2026
// 重构日志: f0302544
// 同步 ID: ac4b2a85 @ Fri Jul 17 06:40:44 UTC 2026
// 重构日志: 9610d3f4
// 同步 ID: 8e4b1e66 @ Fri Jul 17 12:18:37 UTC 2026
// 重构日志: 6de339a3
